Arguments: 
  C:\Program Files\nodejs\node.exe C:\Program Files (x86)\Yarn\bin\yarn.js install

PATH: 
  C:\Windows\system32;C:\Windows;C:\Windows\System32\Wbem;C:\Windows\System32\WindowsPowerShell\v1.0\;C:\Windows\System32\OpenSSH\;C:\Program Files\Git\cmd;C:\Program Files\dotnet\;C:\Program Files (x86)\Microsoft SQL Server\150\DTS\Binn\;C:\Program Files\Azure Data Studio\bin;C:\Program Files\SourceGear\Common\DiffMerge\;C:\Program Files\Microsoft SQL Server\Client SDK\ODBC\170\Tools\Binn\;C:\Program Files\Microsoft\Web Platform Installer\;C:\Program Files\Docker\Docker\resources\bin;C:\ProgramData\DockerDesktop\version-bin;C:\WINDOWS\system32;C:\WINDOWS;C:\WINDOWS\System32\Wbem;C:\WINDOWS\System32\WindowsPowerShell\v1.0\;C:\WINDOWS\System32\OpenSSH\;C:\ProgramData\chocolatey\bin;C:\Program Files\nodejs\;C:\Program Files\OpenJDK\openjdk-11.0.15_10\bin;C:\Program Files (x86)\Yarn\bin\;C:\Users\antonio.bordon\AppData\Local\Microsoft\WindowsApps;;C:\Users\antonio.bordon\AppData\Local\Programs\Microsoft VS Code\bin;C:\Users\antonio.bordon\AppData\Roaming\npm

Yarn version: 
  1.22.19

Node version: 
  16.15.1

Platform: 
  win32 x64

Trace: 
  Error: self signed certificate in certificate chain
      at TLSSocket.onConnectSecure (node:_tls_wrap:1532:34)
      at TLSSocket.emit (node:events:527:28)
      at TLSSocket._finishInit (node:_tls_wrap:946:8)
      at TLSWrap.ssl.onhandshakedone (node:_tls_wrap:727:12)

npm manifest: 
  {
    "name": "orgs-cesta",
    "version": "1.0.0",
    "main": "node_modules/expo/AppEntry.js",
    "scripts": {
      "start": "expo start",
      "android": "expo start --android",
      "ios": "expo start --ios",
      "web": "expo start --web",
      "eject": "expo eject"
    },
    "dependencies": {
      "expo": "~45.0.0",
      "expo-status-bar": "~1.3.0",
      "react": "17.0.2",
      "react-dom": "17.0.2",
      "react-native": "0.68.2",
      "react-native-web": "0.17.7"
    },
    "devDependencies": {
      "@babel/core": "^7.12.9"
    },
    "private": true
  }

yarn manifest: 
  No manifest

Lockfile: 
  No lockfile
